*** Using Compiler 'V6.24', folder: 'C:\Keil_v5\MDK\ARM\ARMCLANG\Bin'
Rebuild target 'BTCMinerBridge_F107'
assembling startup_stm32f10x_cl.s...
compiling system_stm32f10x.c...
compiling stm32f10x_exti.c...
compiling stm32f10x_eth.c...
compiling stm32f10x_usart.c...
compiling stm32f10x_dma.c...
compiling core_cm3.c...
compiling misc.c...
compiling stm32f10x_flash.c...
compiling Delay.c...
compiling stm32f10x_gpio.c...
compiling stm32f10x_rcc.c...
compiling main.c...
compiling stm32f10x_tim.c...
compiling w5500.c...
compiling stm32f10x_it.c...
compiling protocol.c...
compiling bm1366.c...
linking...
Program Size: Code=13350 RO-data=642 RW-data=4 ZI-data=4220  
FromELF: creating hex file...
".\Objects\BTCMinerBridge_F107.axf" - 0 Error(s), 0 Warning(s).
Build Time Elapsed:  00:00:01
