


ARM Macro Assembler    Page 1 


    1 00000000         ;*******************************************************
                       ************************
    2 00000000         ;* 启动文件 — STM32F107 Connectivity Line (CL), MD
                       K-ARM 工具链
    3 00000000         ;*******************************************************
                       ************************
    4 00000000         
    5 00000000 00000400 
                       Stack_Size
                               EQU              0x00000400  ; 1 KB
    6 00000000         
    7 00000000                 AREA             STACK, NOINIT, READWRITE, ALIGN
=3
    8 00000000         Stack_Mem
                               SPACE            Stack_Size
    9 00000400         __initial_sp
   10 00000400         
   11 00000400         
   12 00000400 00000200 
                       Heap_Size
                               EQU              0x00000200  ; 512 B
   13 00000400         
   14 00000400                 AREA             HEAP, NOINIT, READWRITE, ALIGN=
3
   15 00000000         __heap_base
   16 00000000         Heap_Mem
                               SPACE            Heap_Size
   17 00000200         __heap_limit
   18 00000200         
   19 00000200                 PRESERVE8
   20 00000200                 THUMB
   21 00000200         
   22 00000200         
   23 00000200         ; ===== 向量表 =====
   24 00000200                 AREA             RESET, DATA, READONLY
   25 00000000                 EXPORT           __Vectors
   26 00000000                 EXPORT           __Vectors_End
   27 00000000                 EXPORT           __Vectors_Size
   28 00000000         
   29 00000000 00000000 
                       __Vectors
                               DCD              __initial_sp
   30 00000004 00000000        DCD              Reset_Handler
   31 00000008 00000000        DCD              NMI_Handler
   32 0000000C 00000000        DCD              HardFault_Handler
   33 00000010 00000000        DCD              MemManage_Handler
   34 00000014 00000000        DCD              BusFault_Handler
   35 00000018 00000000        DCD              UsageFault_Handler
   36 0000001C 00000000        DCD              0
   37 00000020 00000000        DCD              0
   38 00000024 00000000        DCD              0
   39 00000028 00000000        DCD              0
   40 0000002C 00000000        DCD              SVC_Handler
   41 00000030 00000000        DCD              DebugMon_Handler
   42 00000034 00000000        DCD              0
   43 00000038 00000000        DCD              PendSV_Handler
   44 0000003C 00000000        DCD              SysTick_Handler
   45 00000040         
   46 00000040         ; STM32F107 外设中断



ARM Macro Assembler    Page 2 


   47 00000040 00000000        DCD              WWDG_IRQHandler
   48 00000044 00000000        DCD              PVD_IRQHandler
   49 00000048 00000000        DCD              TAMPER_IRQHandler
   50 0000004C 00000000        DCD              RTC_IRQHandler
   51 00000050 00000000        DCD              FLASH_IRQHandler
   52 00000054 00000000        DCD              RCC_IRQHandler
   53 00000058 00000000        DCD              EXTI0_IRQHandler
   54 0000005C 00000000        DCD              EXTI1_IRQHandler
   55 00000060 00000000        DCD              EXTI2_IRQHandler
   56 00000064 00000000        DCD              EXTI3_IRQHandler
   57 00000068 00000000        DCD              EXTI4_IRQHandler
   58 0000006C 00000000        DCD              DMA1_Channel1_IRQHandler
   59 00000070 00000000        DCD              DMA1_Channel2_IRQHandler
   60 00000074 00000000        DCD              DMA1_Channel3_IRQHandler
   61 00000078 00000000        DCD              DMA1_Channel4_IRQHandler
   62 0000007C 00000000        DCD              DMA1_Channel5_IRQHandler
   63 00000080 00000000        DCD              DMA1_Channel6_IRQHandler
   64 00000084 00000000        DCD              DMA1_Channel7_IRQHandler
   65 00000088 00000000        DCD              ADC1_2_IRQHandler
   66 0000008C 00000000        DCD              CAN1_TX_IRQHandler
   67 00000090 00000000        DCD              CAN1_RX0_IRQHandler
   68 00000094 00000000        DCD              CAN1_RX1_IRQHandler
   69 00000098 00000000        DCD              CAN1_SCE_IRQHandler
   70 0000009C 00000000        DCD              EXTI9_5_IRQHandler
   71 000000A0 00000000        DCD              TIM1_BRK_IRQHandler
   72 000000A4 00000000        DCD              TIM1_UP_IRQHandler
   73 000000A8 00000000        DCD              TIM1_TRG_COM_IRQHandler
   74 000000AC 00000000        DCD              TIM1_CC_IRQHandler
   75 000000B0 00000000        DCD              TIM2_IRQHandler
   76 000000B4 00000000        DCD              TIM3_IRQHandler
   77 000000B8 00000000        DCD              TIM4_IRQHandler
   78 000000BC 00000000        DCD              I2C1_EV_IRQHandler
   79 000000C0 00000000        DCD              I2C1_ER_IRQHandler
   80 000000C4 00000000        DCD              I2C2_EV_IRQHandler
   81 000000C8 00000000        DCD              I2C2_ER_IRQHandler
   82 000000CC 00000000        DCD              SPI1_IRQHandler
   83 000000D0 00000000        DCD              SPI2_IRQHandler
   84 000000D4 00000000        DCD              USART1_IRQHandler
   85 000000D8 00000000        DCD              USART2_IRQHandler
   86 000000DC 00000000        DCD              USART3_IRQHandler
   87 000000E0 00000000        DCD              EXTI15_10_IRQHandler
   88 000000E4 00000000        DCD              RTCAlarm_IRQHandler
   89 000000E8 00000000        DCD              OTG_FS_WKUP_IRQHandler
   90 000000EC 00000000        DCD              TIM5_IRQHandler
   91 000000F0 00000000        DCD              SPI3_IRQHandler
   92 000000F4 00000000        DCD              UART4_IRQHandler
   93 000000F8 00000000        DCD              UART5_IRQHandler
   94 000000FC 00000000        DCD              TIM6_IRQHandler
   95 00000100 00000000        DCD              TIM7_IRQHandler
   96 00000104 00000000        DCD              DMA2_Channel1_IRQHandler
   97 00000108 00000000        DCD              DMA2_Channel2_IRQHandler
   98 0000010C 00000000        DCD              DMA2_Channel3_IRQHandler
   99 00000110 00000000        DCD              DMA2_Channel4_IRQHandler
  100 00000114 00000000        DCD              DMA2_Channel5_IRQHandler
  101 00000118 00000000        DCD              ETH_IRQHandler
  102 0000011C 00000000        DCD              ETH_WKUP_IRQHandler
  103 00000120 00000000        DCD              CAN2_TX_IRQHandler
  104 00000124 00000000        DCD              CAN2_RX0_IRQHandler
  105 00000128 00000000        DCD              CAN2_RX1_IRQHandler



ARM Macro Assembler    Page 3 


  106 0000012C 00000000        DCD              CAN2_SCE_IRQHandler
  107 00000130 00000000        DCD              OTG_FS_IRQHandler
  108 00000134         __Vectors_End
  109 00000134         
  110 00000134 00000134 
                       __Vectors_Size
                               EQU              __Vectors_End - __Vectors
  111 00000134         
  112 00000134         ; ===== 复位处理 =====
  113 00000134                 AREA             |.text|, CODE, READONLY
  114 00000000         
  115 00000000         Reset_Handler
                               PROC
  116 00000000                 EXPORT           Reset_Handler             [WEAK
]
  117 00000000                 IMPORT           __main
  118 00000000                 IMPORT           SystemInit
  119 00000000 4809            LDR              R0, =SystemInit
  120 00000002 4780            BLX              R0
  121 00000004 4809            LDR              R0, =__main
  122 00000006 4700            BX               R0
  123 00000008                 ENDP
  124 00000008         
  125 00000008         NMI_Handler
                               PROC
  126 00000008                 EXPORT           NMI_Handler                [WEA
K]
  127 00000008 E7FE            B                .
  128 0000000A                 ENDP
  129 0000000A         HardFault_Handler
                               PROC
  130 0000000A                 EXPORT           HardFault_Handler          [WEA
K]
  131 0000000A E7FE            B                .
  132 0000000C                 ENDP
  133 0000000C         MemManage_Handler
                               PROC
  134 0000000C                 EXPORT           MemManage_Handler          [WEA
K]
  135 0000000C E7FE            B                .
  136 0000000E                 ENDP
  137 0000000E         BusFault_Handler
                               PROC
  138 0000000E                 EXPORT           BusFault_Handler           [WEA
K]
  139 0000000E E7FE            B                .
  140 00000010                 ENDP
  141 00000010         UsageFault_Handler
                               PROC
  142 00000010                 EXPORT           UsageFault_Handler         [WEA
K]
  143 00000010 E7FE            B                .
  144 00000012                 ENDP
  145 00000012         SVC_Handler
                               PROC
  146 00000012                 EXPORT           SVC_Handler                [WEA
K]
  147 00000012 E7FE            B                .
  148 00000014                 ENDP



ARM Macro Assembler    Page 4 


  149 00000014         DebugMon_Handler
                               PROC
  150 00000014                 EXPORT           DebugMon_Handler           [WEA
K]
  151 00000014 E7FE            B                .
  152 00000016                 ENDP
  153 00000016         PendSV_Handler
                               PROC
  154 00000016                 EXPORT           PendSV_Handler             [WEA
K]
  155 00000016 E7FE            B                .
  156 00000018                 ENDP
  157 00000018         SysTick_Handler
                               PROC
  158 00000018                 EXPORT           SysTick_Handler            [WEA
K]
  159 00000018 E7FE            B                .
  160 0000001A                 ENDP
  161 0000001A         
  162 0000001A         Default_Handler
                               PROC
  163 0000001A                 EXPORT           WWDG_IRQHandler            [WEA
K]
  164 0000001A                 EXPORT           PVD_IRQHandler             [WEA
K]
  165 0000001A                 EXPORT           TAMPER_IRQHandler          [WEA
K]
  166 0000001A                 EXPORT           RTC_IRQHandler             [WEA
K]
  167 0000001A                 EXPORT           FLASH_IRQHandler           [WEA
K]
  168 0000001A                 EXPORT           RCC_IRQHandler             [WEA
K]
  169 0000001A                 EXPORT           EXTI0_IRQHandler           [WEA
K]
  170 0000001A                 EXPORT           EXTI1_IRQHandler           [WEA
K]
  171 0000001A                 EXPORT           EXTI2_IRQHandler           [WEA
K]
  172 0000001A                 EXPORT           EXTI3_IRQHandler           [WEA
K]
  173 0000001A                 EXPORT           EXTI4_IRQHandler           [WEA
K]
  174 0000001A                 EXPORT           DMA1_Channel1_IRQHandler   [WEA
K]
  175 0000001A                 EXPORT           DMA1_Channel2_IRQHandler   [WEA
K]
  176 0000001A                 EXPORT           DMA1_Channel3_IRQHandler   [WEA
K]
  177 0000001A                 EXPORT           DMA1_Channel4_IRQHandler   [WEA
K]
  178 0000001A                 EXPORT           DMA1_Channel5_IRQHandler   [WEA
K]
  179 0000001A                 EXPORT           DMA1_Channel6_IRQHandler   [WEA
K]
  180 0000001A                 EXPORT           DMA1_Channel7_IRQHandler   [WEA
K]
  181 0000001A                 EXPORT           ADC1_2_IRQHandler          [WEA
K]



ARM Macro Assembler    Page 5 


  182 0000001A                 EXPORT           CAN1_TX_IRQHandler         [WEA
K]
  183 0000001A                 EXPORT           CAN1_RX0_IRQHandler        [WEA
K]
  184 0000001A                 EXPORT           CAN1_RX1_IRQHandler        [WEA
K]
  185 0000001A                 EXPORT           CAN1_SCE_IRQHandler        [WEA
K]
  186 0000001A                 EXPORT           EXTI9_5_IRQHandler         [WEA
K]
  187 0000001A                 EXPORT           TIM1_BRK_IRQHandler        [WEA
K]
  188 0000001A                 EXPORT           TIM1_UP_IRQHandler         [WEA
K]
  189 0000001A                 EXPORT           TIM1_TRG_COM_IRQHandler    [WEA
K]
  190 0000001A                 EXPORT           TIM1_CC_IRQHandler         [WEA
K]
  191 0000001A                 EXPORT           TIM2_IRQHandler            [WEA
K]
  192 0000001A                 EXPORT           TIM3_IRQHandler            [WEA
K]
  193 0000001A                 EXPORT           TIM4_IRQHandler            [WEA
K]
  194 0000001A                 EXPORT           I2C1_EV_IRQHandler         [WEA
K]
  195 0000001A                 EXPORT           I2C1_ER_IRQHandler         [WEA
K]
  196 0000001A                 EXPORT           I2C2_EV_IRQHandler         [WEA
K]
  197 0000001A                 EXPORT           I2C2_ER_IRQHandler         [WEA
K]
  198 0000001A                 EXPORT           SPI1_IRQHandler            [WEA
K]
  199 0000001A                 EXPORT           SPI2_IRQHandler            [WEA
K]
  200 0000001A                 EXPORT           USART1_IRQHandler          [WEA
K]
  201 0000001A                 EXPORT           USART2_IRQHandler          [WEA
K]
  202 0000001A                 EXPORT           USART3_IRQHandler          [WEA
K]
  203 0000001A                 EXPORT           EXTI15_10_IRQHandler       [WEA
K]
  204 0000001A                 EXPORT           RTCAlarm_IRQHandler        [WEA
K]
  205 0000001A                 EXPORT           OTG_FS_WKUP_IRQHandler     [WEA
K]
  206 0000001A                 EXPORT           TIM5_IRQHandler            [WEA
K]
  207 0000001A                 EXPORT           SPI3_IRQHandler            [WEA
K]
  208 0000001A                 EXPORT           UART4_IRQHandler           [WEA
K]
  209 0000001A                 EXPORT           UART5_IRQHandler           [WEA
K]
  210 0000001A                 EXPORT           TIM6_IRQHandler            [WEA
K]
  211 0000001A                 EXPORT           TIM7_IRQHandler            [WEA



ARM Macro Assembler    Page 6 


K]
  212 0000001A                 EXPORT           DMA2_Channel1_IRQHandler   [WEA
K]
  213 0000001A                 EXPORT           DMA2_Channel2_IRQHandler   [WEA
K]
  214 0000001A                 EXPORT           DMA2_Channel3_IRQHandler   [WEA
K]
  215 0000001A                 EXPORT           DMA2_Channel4_IRQHandler   [WEA
K]
  216 0000001A                 EXPORT           DMA2_Channel5_IRQHandler   [WEA
K]
  217 0000001A                 EXPORT           ETH_IRQHandler             [WEA
K]
  218 0000001A                 EXPORT           ETH_WKUP_IRQHandler        [WEA
K]
  219 0000001A                 EXPORT           CAN2_TX_IRQHandler         [WEA
K]
  220 0000001A                 EXPORT           CAN2_RX0_IRQHandler        [WEA
K]
  221 0000001A                 EXPORT           CAN2_RX1_IRQHandler        [WEA
K]
  222 0000001A                 EXPORT           CAN2_SCE_IRQHandler        [WEA
K]
  223 0000001A                 EXPORT           OTG_FS_IRQHandler          [WEA
K]
  224 0000001A         
  225 0000001A         WWDG_IRQHandler
  226 0000001A         PVD_IRQHandler
  227 0000001A         TAMPER_IRQHandler
  228 0000001A         RTC_IRQHandler
  229 0000001A         FLASH_IRQHandler
  230 0000001A         RCC_IRQHandler
  231 0000001A         EXTI0_IRQHandler
  232 0000001A         EXTI1_IRQHandler
  233 0000001A         EXTI2_IRQHandler
  234 0000001A         EXTI3_IRQHandler
  235 0000001A         EXTI4_IRQHandler
  236 0000001A         DMA1_Channel1_IRQHandler
  237 0000001A         DMA1_Channel2_IRQHandler
  238 0000001A         DMA1_Channel3_IRQHandler
  239 0000001A         DMA1_Channel4_IRQHandler
  240 0000001A         DMA1_Channel5_IRQHandler
  241 0000001A         DMA1_Channel6_IRQHandler
  242 0000001A         DMA1_Channel7_IRQHandler
  243 0000001A         ADC1_2_IRQHandler
  244 0000001A         CAN1_TX_IRQHandler
  245 0000001A         CAN1_RX0_IRQHandler
  246 0000001A         CAN1_RX1_IRQHandler
  247 0000001A         CAN1_SCE_IRQHandler
  248 0000001A         EXTI9_5_IRQHandler
  249 0000001A         TIM1_BRK_IRQHandler
  250 0000001A         TIM1_UP_IRQHandler
  251 0000001A         TIM1_TRG_COM_IRQHandler
  252 0000001A         TIM1_CC_IRQHandler
  253 0000001A         TIM2_IRQHandler
  254 0000001A         TIM3_IRQHandler
  255 0000001A         TIM4_IRQHandler
  256 0000001A         I2C1_EV_IRQHandler
  257 0000001A         I2C1_ER_IRQHandler



ARM Macro Assembler    Page 7 


  258 0000001A         I2C2_EV_IRQHandler
  259 0000001A         I2C2_ER_IRQHandler
  260 0000001A         SPI1_IRQHandler
  261 0000001A         SPI2_IRQHandler
  262 0000001A         USART1_IRQHandler
  263 0000001A         USART2_IRQHandler
  264 0000001A         USART3_IRQHandler
  265 0000001A         EXTI15_10_IRQHandler
  266 0000001A         RTCAlarm_IRQHandler
  267 0000001A         OTG_FS_WKUP_IRQHandler
  268 0000001A         TIM5_IRQHandler
  269 0000001A         SPI3_IRQHandler
  270 0000001A         UART4_IRQHandler
  271 0000001A         UART5_IRQHandler
  272 0000001A         TIM6_IRQHandler
  273 0000001A         TIM7_IRQHandler
  274 0000001A         DMA2_Channel1_IRQHandler
  275 0000001A         DMA2_Channel2_IRQHandler
  276 0000001A         DMA2_Channel3_IRQHandler
  277 0000001A         DMA2_Channel4_IRQHandler
  278 0000001A         DMA2_Channel5_IRQHandler
  279 0000001A         ETH_IRQHandler
  280 0000001A         ETH_WKUP_IRQHandler
  281 0000001A         CAN2_TX_IRQHandler
  282 0000001A         CAN2_RX0_IRQHandler
  283 0000001A         CAN2_RX1_IRQHandler
  284 0000001A         CAN2_SCE_IRQHandler
  285 0000001A         OTG_FS_IRQHandler
  286 0000001A         
  287 0000001A E7FE            B                .
  288 0000001C                 ENDP
  289 0000001C         
  290 0000001C                 ALIGN
  291 0000001C         
  292 0000001C         ; ===== 堆栈初始化 =====
  293 0000001C                 IF               :DEF:__MICROLIB
  298 0000001C                 IMPORT           __use_two_region_memory
  299 0000001C                 EXPORT           __user_initial_stackheap
  300 0000001C         __user_initial_stackheap
  301 0000001C 4804            LDR              R0, = Heap_Mem
  302 0000001E 4905            LDR              R1, =(Stack_Mem + Stack_Size)
  303 00000020 4A05            LDR              R2, = (Heap_Mem +  Heap_Size)
  304 00000022 4B06            LDR              R3, = Stack_Mem
  305 00000024 4770            BX               LR
  306 00000026 00 00           ALIGN
  307 00000028                 ENDIF
  308 00000028                 END
              00000000 
              00000000 
              00000000 
              00000400 
              00000200 
              00000000 
Command Line: --debug --xref --diag_suppress=9931,A1950W --cpu=Cortex-M3 --depe
nd=.\objects\startup_stm32f10x_cl.d -o.\objects\startup_stm32f10x_cl.o -IC:\Kei
l_v5\MDK\PACK\Keil\STM32F1xx_DFP\2.4.1\Device\Include --predefine="__UVISION_VE
RSION SETA 543" --predefine="STM32F10X_CL SETA 1" --list=.\listings\startup_stm
32f10x_cl.lst Start\startup_stm32f10x_cl.s



ARM Macro Assembler    Page 1 Alphabetic symbol ordering
Relocatable symbols

STACK 00000000

Symbol: STACK
   Definitions
      At line 7 in file Start\startup_stm32f10x_cl.s
   Uses
      None
Comment: STACK unused
Stack_Mem 00000000

Symbol: Stack_Mem
   Definitions
      At line 8 in file Start\startup_stm32f10x_cl.s
   Uses
      At line 302 in file Start\startup_stm32f10x_cl.s
      At line 304 in file Start\startup_stm32f10x_cl.s

__initial_sp 00000400

Symbol: __initial_sp
   Definitions
      At line 9 in file Start\startup_stm32f10x_cl.s
   Uses
      At line 29 in file Start\startup_stm32f10x_cl.s
Comment: __initial_sp used once
3 symbols



ARM Macro Assembler    Page 1 Alphabetic symbol ordering
Relocatable symbols

HEAP 00000000

Symbol: HEAP
   Definitions
      At line 14 in file Start\startup_stm32f10x_cl.s
   Uses
      None
Comment: HEAP unused
Heap_Mem 00000000

Symbol: Heap_Mem
   Definitions
      At line 16 in file Start\startup_stm32f10x_cl.s
   Uses
      At line 301 in file Start\startup_stm32f10x_cl.s
      At line 303 in file Start\startup_stm32f10x_cl.s

__heap_base 00000000

Symbol: __heap_base
   Definitions
      At line 15 in file Start\startup_stm32f10x_cl.s
   Uses
      None
Comment: __heap_base unused
__heap_limit 00000200

Symbol: __heap_limit
   Definitions
      At line 17 in file Start\startup_stm32f10x_cl.s
   Uses
      None
Comment: __heap_limit unused
4 symbols



ARM Macro Assembler    Page 1 Alphabetic symbol ordering
Relocatable symbols

RESET 00000000

Symbol: RESET
   Definitions
      At line 24 in file Start\startup_stm32f10x_cl.s
   Uses
      None
Comment: RESET unused
__Vectors 00000000

Symbol: __Vectors
   Definitions
      At line 29 in file Start\startup_stm32f10x_cl.s
   Uses
      At line 25 in file Start\startup_stm32f10x_cl.s
      At line 110 in file Start\startup_stm32f10x_cl.s

__Vectors_End 00000134

Symbol: __Vectors_End
   Definitions
      At line 108 in file Start\startup_stm32f10x_cl.s
   Uses
      At line 26 in file Start\startup_stm32f10x_cl.s
      At line 110 in file Start\startup_stm32f10x_cl.s

3 symbols



ARM Macro Assembler    Page 1 Alphabetic symbol ordering
Relocatable symbols

.text 00000000

Symbol: .text
   Definitions
      At line 113 in file Start\startup_stm32f10x_cl.s
   Uses
      None
Comment: .text unused
ADC1_2_IRQHandler 0000001A

Symbol: ADC1_2_IRQHandler
   Definitions
      At line 243 in file Start\startup_stm32f10x_cl.s
   Uses
      At line 65 in file Start\startup_stm32f10x_cl.s
      At line 181 in file Start\startup_stm32f10x_cl.s

BusFault_Handler 0000000E

Symbol: BusFault_Handler
   Definitions
      At line 137 in file Start\startup_stm32f10x_cl.s
   Uses
      At line 34 in file Start\startup_stm32f10x_cl.s
      At line 138 in file Start\startup_stm32f10x_cl.s

CAN1_RX0_IRQHandler 0000001A

Symbol: CAN1_RX0_IRQHandler
   Definitions
      At line 245 in file Start\startup_stm32f10x_cl.s
   Uses
      At line 67 in file Start\startup_stm32f10x_cl.s
      At line 183 in file Start\startup_stm32f10x_cl.s

CAN1_RX1_IRQHandler 0000001A

Symbol: CAN1_RX1_IRQHandler
   Definitions
      At line 246 in file Start\startup_stm32f10x_cl.s
   Uses
      At line 68 in file Start\startup_stm32f10x_cl.s
      At line 184 in file Start\startup_stm32f10x_cl.s

CAN1_SCE_IRQHandler 0000001A

Symbol: CAN1_SCE_IRQHandler
   Definitions
      At line 247 in file Start\startup_stm32f10x_cl.s
   Uses
      At line 69 in file Start\startup_stm32f10x_cl.s
      At line 185 in file Start\startup_stm32f10x_cl.s

CAN1_TX_IRQHandler 0000001A

Symbol: CAN1_TX_IRQHandler
   Definitions
      At line 244 in file Start\startup_stm32f10x_cl.s
   Uses



ARM Macro Assembler    Page 2 Alphabetic symbol ordering
Relocatable symbols

      At line 66 in file Start\startup_stm32f10x_cl.s
      At line 182 in file Start\startup_stm32f10x_cl.s

CAN2_RX0_IRQHandler 0000001A

Symbol: CAN2_RX0_IRQHandler
   Definitions
      At line 282 in file Start\startup_stm32f10x_cl.s
   Uses
      At line 104 in file Start\startup_stm32f10x_cl.s
      At line 220 in file Start\startup_stm32f10x_cl.s

CAN2_RX1_IRQHandler 0000001A

Symbol: CAN2_RX1_IRQHandler
   Definitions
      At line 283 in file Start\startup_stm32f10x_cl.s
   Uses
      At line 105 in file Start\startup_stm32f10x_cl.s
      At line 221 in file Start\startup_stm32f10x_cl.s

CAN2_SCE_IRQHandler 0000001A

Symbol: CAN2_SCE_IRQHandler
   Definitions
      At line 284 in file Start\startup_stm32f10x_cl.s
   Uses
      At line 106 in file Start\startup_stm32f10x_cl.s
      At line 222 in file Start\startup_stm32f10x_cl.s

CAN2_TX_IRQHandler 0000001A

Symbol: CAN2_TX_IRQHandler
   Definitions
      At line 281 in file Start\startup_stm32f10x_cl.s
   Uses
      At line 103 in file Start\startup_stm32f10x_cl.s
      At line 219 in file Start\startup_stm32f10x_cl.s

DMA1_Channel1_IRQHandler 0000001A

Symbol: DMA1_Channel1_IRQHandler
   Definitions
      At line 236 in file Start\startup_stm32f10x_cl.s
   Uses
      At line 58 in file Start\startup_stm32f10x_cl.s
      At line 174 in file Start\startup_stm32f10x_cl.s

DMA1_Channel2_IRQHandler 0000001A

Symbol: DMA1_Channel2_IRQHandler
   Definitions
      At line 237 in file Start\startup_stm32f10x_cl.s
   Uses
      At line 59 in file Start\startup_stm32f10x_cl.s
      At line 175 in file Start\startup_stm32f10x_cl.s

DMA1_Channel3_IRQHandler 0000001A




ARM Macro Assembler    Page 3 Alphabetic symbol ordering
Relocatable symbols

Symbol: DMA1_Channel3_IRQHandler
   Definitions
      At line 238 in file Start\startup_stm32f10x_cl.s
   Uses
      At line 60 in file Start\startup_stm32f10x_cl.s
      At line 176 in file Start\startup_stm32f10x_cl.s

DMA1_Channel4_IRQHandler 0000001A

Symbol: DMA1_Channel4_IRQHandler
   Definitions
      At line 239 in file Start\startup_stm32f10x_cl.s
   Uses
      At line 61 in file Start\startup_stm32f10x_cl.s
      At line 177 in file Start\startup_stm32f10x_cl.s

DMA1_Channel5_IRQHandler 0000001A

Symbol: DMA1_Channel5_IRQHandler
   Definitions
      At line 240 in file Start\startup_stm32f10x_cl.s
   Uses
      At line 62 in file Start\startup_stm32f10x_cl.s
      At line 178 in file Start\startup_stm32f10x_cl.s

DMA1_Channel6_IRQHandler 0000001A

Symbol: DMA1_Channel6_IRQHandler
   Definitions
      At line 241 in file Start\startup_stm32f10x_cl.s
   Uses
      At line 63 in file Start\startup_stm32f10x_cl.s
      At line 179 in file Start\startup_stm32f10x_cl.s

DMA1_Channel7_IRQHandler 0000001A

Symbol: DMA1_Channel7_IRQHandler
   Definitions
      At line 242 in file Start\startup_stm32f10x_cl.s
   Uses
      At line 64 in file Start\startup_stm32f10x_cl.s
      At line 180 in file Start\startup_stm32f10x_cl.s

DMA2_Channel1_IRQHandler 0000001A

Symbol: DMA2_Channel1_IRQHandler
   Definitions
      At line 274 in file Start\startup_stm32f10x_cl.s
   Uses
      At line 96 in file Start\startup_stm32f10x_cl.s
      At line 212 in file Start\startup_stm32f10x_cl.s

DMA2_Channel2_IRQHandler 0000001A

Symbol: DMA2_Channel2_IRQHandler
   Definitions
      At line 275 in file Start\startup_stm32f10x_cl.s
   Uses
      At line 97 in file Start\startup_stm32f10x_cl.s



ARM Macro Assembler    Page 4 Alphabetic symbol ordering
Relocatable symbols

      At line 213 in file Start\startup_stm32f10x_cl.s

DMA2_Channel3_IRQHandler 0000001A

Symbol: DMA2_Channel3_IRQHandler
   Definitions
      At line 276 in file Start\startup_stm32f10x_cl.s
   Uses
      At line 98 in file Start\startup_stm32f10x_cl.s
      At line 214 in file Start\startup_stm32f10x_cl.s

DMA2_Channel4_IRQHandler 0000001A

Symbol: DMA2_Channel4_IRQHandler
   Definitions
      At line 277 in file Start\startup_stm32f10x_cl.s
   Uses
      At line 99 in file Start\startup_stm32f10x_cl.s
      At line 215 in file Start\startup_stm32f10x_cl.s

DMA2_Channel5_IRQHandler 0000001A

Symbol: DMA2_Channel5_IRQHandler
   Definitions
      At line 278 in file Start\startup_stm32f10x_cl.s
   Uses
      At line 100 in file Start\startup_stm32f10x_cl.s
      At line 216 in file Start\startup_stm32f10x_cl.s

DebugMon_Handler 00000014

Symbol: DebugMon_Handler
   Definitions
      At line 149 in file Start\startup_stm32f10x_cl.s
   Uses
      At line 41 in file Start\startup_stm32f10x_cl.s
      At line 150 in file Start\startup_stm32f10x_cl.s

Default_Handler 0000001A

Symbol: Default_Handler
   Definitions
      At line 162 in file Start\startup_stm32f10x_cl.s
   Uses
      None
Comment: Default_Handler unused
ETH_IRQHandler 0000001A

Symbol: ETH_IRQHandler
   Definitions
      At line 279 in file Start\startup_stm32f10x_cl.s
   Uses
      At line 101 in file Start\startup_stm32f10x_cl.s
      At line 217 in file Start\startup_stm32f10x_cl.s

ETH_WKUP_IRQHandler 0000001A

Symbol: ETH_WKUP_IRQHandler
   Definitions



ARM Macro Assembler    Page 5 Alphabetic symbol ordering
Relocatable symbols

      At line 280 in file Start\startup_stm32f10x_cl.s
   Uses
      At line 102 in file Start\startup_stm32f10x_cl.s
      At line 218 in file Start\startup_stm32f10x_cl.s

EXTI0_IRQHandler 0000001A

Symbol: EXTI0_IRQHandler
   Definitions
      At line 231 in file Start\startup_stm32f10x_cl.s
   Uses
      At line 53 in file Start\startup_stm32f10x_cl.s
      At line 169 in file Start\startup_stm32f10x_cl.s

EXTI15_10_IRQHandler 0000001A

Symbol: EXTI15_10_IRQHandler
   Definitions
      At line 265 in file Start\startup_stm32f10x_cl.s
   Uses
      At line 87 in file Start\startup_stm32f10x_cl.s
      At line 203 in file Start\startup_stm32f10x_cl.s

EXTI1_IRQHandler 0000001A

Symbol: EXTI1_IRQHandler
   Definitions
      At line 232 in file Start\startup_stm32f10x_cl.s
   Uses
      At line 54 in file Start\startup_stm32f10x_cl.s
      At line 170 in file Start\startup_stm32f10x_cl.s

EXTI2_IRQHandler 0000001A

Symbol: EXTI2_IRQHandler
   Definitions
      At line 233 in file Start\startup_stm32f10x_cl.s
   Uses
      At line 55 in file Start\startup_stm32f10x_cl.s
      At line 171 in file Start\startup_stm32f10x_cl.s

EXTI3_IRQHandler 0000001A

Symbol: EXTI3_IRQHandler
   Definitions
      At line 234 in file Start\startup_stm32f10x_cl.s
   Uses
      At line 56 in file Start\startup_stm32f10x_cl.s
      At line 172 in file Start\startup_stm32f10x_cl.s

EXTI4_IRQHandler 0000001A

Symbol: EXTI4_IRQHandler
   Definitions
      At line 235 in file Start\startup_stm32f10x_cl.s
   Uses
      At line 57 in file Start\startup_stm32f10x_cl.s
      At line 173 in file Start\startup_stm32f10x_cl.s




ARM Macro Assembler    Page 6 Alphabetic symbol ordering
Relocatable symbols

EXTI9_5_IRQHandler 0000001A

Symbol: EXTI9_5_IRQHandler
   Definitions
      At line 248 in file Start\startup_stm32f10x_cl.s
   Uses
      At line 70 in file Start\startup_stm32f10x_cl.s
      At line 186 in file Start\startup_stm32f10x_cl.s

FLASH_IRQHandler 0000001A

Symbol: FLASH_IRQHandler
   Definitions
      At line 229 in file Start\startup_stm32f10x_cl.s
   Uses
      At line 51 in file Start\startup_stm32f10x_cl.s
      At line 167 in file Start\startup_stm32f10x_cl.s

HardFault_Handler 0000000A

Symbol: HardFault_Handler
   Definitions
      At line 129 in file Start\startup_stm32f10x_cl.s
   Uses
      At line 32 in file Start\startup_stm32f10x_cl.s
      At line 130 in file Start\startup_stm32f10x_cl.s

I2C1_ER_IRQHandler 0000001A

Symbol: I2C1_ER_IRQHandler
   Definitions
      At line 257 in file Start\startup_stm32f10x_cl.s
   Uses
      At line 79 in file Start\startup_stm32f10x_cl.s
      At line 195 in file Start\startup_stm32f10x_cl.s

I2C1_EV_IRQHandler 0000001A

Symbol: I2C1_EV_IRQHandler
   Definitions
      At line 256 in file Start\startup_stm32f10x_cl.s
   Uses
      At line 78 in file Start\startup_stm32f10x_cl.s
      At line 194 in file Start\startup_stm32f10x_cl.s

I2C2_ER_IRQHandler 0000001A

Symbol: I2C2_ER_IRQHandler
   Definitions
      At line 259 in file Start\startup_stm32f10x_cl.s
   Uses
      At line 81 in file Start\startup_stm32f10x_cl.s
      At line 197 in file Start\startup_stm32f10x_cl.s

I2C2_EV_IRQHandler 0000001A

Symbol: I2C2_EV_IRQHandler
   Definitions
      At line 258 in file Start\startup_stm32f10x_cl.s



ARM Macro Assembler    Page 7 Alphabetic symbol ordering
Relocatable symbols

   Uses
      At line 80 in file Start\startup_stm32f10x_cl.s
      At line 196 in file Start\startup_stm32f10x_cl.s

MemManage_Handler 0000000C

Symbol: MemManage_Handler
   Definitions
      At line 133 in file Start\startup_stm32f10x_cl.s
   Uses
      At line 33 in file Start\startup_stm32f10x_cl.s
      At line 134 in file Start\startup_stm32f10x_cl.s

NMI_Handler 00000008

Symbol: NMI_Handler
   Definitions
      At line 125 in file Start\startup_stm32f10x_cl.s
   Uses
      At line 31 in file Start\startup_stm32f10x_cl.s
      At line 126 in file Start\startup_stm32f10x_cl.s

OTG_FS_IRQHandler 0000001A

Symbol: OTG_FS_IRQHandler
   Definitions
      At line 285 in file Start\startup_stm32f10x_cl.s
   Uses
      At line 107 in file Start\startup_stm32f10x_cl.s
      At line 223 in file Start\startup_stm32f10x_cl.s

OTG_FS_WKUP_IRQHandler 0000001A

Symbol: OTG_FS_WKUP_IRQHandler
   Definitions
      At line 267 in file Start\startup_stm32f10x_cl.s
   Uses
      At line 89 in file Start\startup_stm32f10x_cl.s
      At line 205 in file Start\startup_stm32f10x_cl.s

PVD_IRQHandler 0000001A

Symbol: PVD_IRQHandler
   Definitions
      At line 226 in file Start\startup_stm32f10x_cl.s
   Uses
      At line 48 in file Start\startup_stm32f10x_cl.s
      At line 164 in file Start\startup_stm32f10x_cl.s

PendSV_Handler 00000016

Symbol: PendSV_Handler
   Definitions
      At line 153 in file Start\startup_stm32f10x_cl.s
   Uses
      At line 43 in file Start\startup_stm32f10x_cl.s
      At line 154 in file Start\startup_stm32f10x_cl.s

RCC_IRQHandler 0000001A



ARM Macro Assembler    Page 8 Alphabetic symbol ordering
Relocatable symbols


Symbol: RCC_IRQHandler
   Definitions
      At line 230 in file Start\startup_stm32f10x_cl.s
   Uses
      At line 52 in file Start\startup_stm32f10x_cl.s
      At line 168 in file Start\startup_stm32f10x_cl.s

RTCAlarm_IRQHandler 0000001A

Symbol: RTCAlarm_IRQHandler
   Definitions
      At line 266 in file Start\startup_stm32f10x_cl.s
   Uses
      At line 88 in file Start\startup_stm32f10x_cl.s
      At line 204 in file Start\startup_stm32f10x_cl.s

RTC_IRQHandler 0000001A

Symbol: RTC_IRQHandler
   Definitions
      At line 228 in file Start\startup_stm32f10x_cl.s
   Uses
      At line 50 in file Start\startup_stm32f10x_cl.s
      At line 166 in file Start\startup_stm32f10x_cl.s

Reset_Handler 00000000

Symbol: Reset_Handler
   Definitions
      At line 115 in file Start\startup_stm32f10x_cl.s
   Uses
      At line 30 in file Start\startup_stm32f10x_cl.s
      At line 116 in file Start\startup_stm32f10x_cl.s

SPI1_IRQHandler 0000001A

Symbol: SPI1_IRQHandler
   Definitions
      At line 260 in file Start\startup_stm32f10x_cl.s
   Uses
      At line 82 in file Start\startup_stm32f10x_cl.s
      At line 198 in file Start\startup_stm32f10x_cl.s

SPI2_IRQHandler 0000001A

Symbol: SPI2_IRQHandler
   Definitions
      At line 261 in file Start\startup_stm32f10x_cl.s
   Uses
      At line 83 in file Start\startup_stm32f10x_cl.s
      At line 199 in file Start\startup_stm32f10x_cl.s

SPI3_IRQHandler 0000001A

Symbol: SPI3_IRQHandler
   Definitions
      At line 269 in file Start\startup_stm32f10x_cl.s
   Uses



ARM Macro Assembler    Page 9 Alphabetic symbol ordering
Relocatable symbols

      At line 91 in file Start\startup_stm32f10x_cl.s
      At line 207 in file Start\startup_stm32f10x_cl.s

SVC_Handler 00000012

Symbol: SVC_Handler
   Definitions
      At line 145 in file Start\startup_stm32f10x_cl.s
   Uses
      At line 40 in file Start\startup_stm32f10x_cl.s
      At line 146 in file Start\startup_stm32f10x_cl.s

SysTick_Handler 00000018

Symbol: SysTick_Handler
   Definitions
      At line 157 in file Start\startup_stm32f10x_cl.s
   Uses
      At line 44 in file Start\startup_stm32f10x_cl.s
      At line 158 in file Start\startup_stm32f10x_cl.s

TAMPER_IRQHandler 0000001A

Symbol: TAMPER_IRQHandler
   Definitions
      At line 227 in file Start\startup_stm32f10x_cl.s
   Uses
      At line 49 in file Start\startup_stm32f10x_cl.s
      At line 165 in file Start\startup_stm32f10x_cl.s

TIM1_BRK_IRQHandler 0000001A

Symbol: TIM1_BRK_IRQHandler
   Definitions
      At line 249 in file Start\startup_stm32f10x_cl.s
   Uses
      At line 71 in file Start\startup_stm32f10x_cl.s
      At line 187 in file Start\startup_stm32f10x_cl.s

TIM1_CC_IRQHandler 0000001A

Symbol: TIM1_CC_IRQHandler
   Definitions
      At line 252 in file Start\startup_stm32f10x_cl.s
   Uses
      At line 74 in file Start\startup_stm32f10x_cl.s
      At line 190 in file Start\startup_stm32f10x_cl.s

TIM1_TRG_COM_IRQHandler 0000001A

Symbol: TIM1_TRG_COM_IRQHandler
   Definitions
      At line 251 in file Start\startup_stm32f10x_cl.s
   Uses
      At line 73 in file Start\startup_stm32f10x_cl.s
      At line 189 in file Start\startup_stm32f10x_cl.s

TIM1_UP_IRQHandler 0000001A




ARM Macro Assembler    Page 10 Alphabetic symbol ordering
Relocatable symbols

Symbol: TIM1_UP_IRQHandler
   Definitions
      At line 250 in file Start\startup_stm32f10x_cl.s
   Uses
      At line 72 in file Start\startup_stm32f10x_cl.s
      At line 188 in file Start\startup_stm32f10x_cl.s

TIM2_IRQHandler 0000001A

Symbol: TIM2_IRQHandler
   Definitions
      At line 253 in file Start\startup_stm32f10x_cl.s
   Uses
      At line 75 in file Start\startup_stm32f10x_cl.s
      At line 191 in file Start\startup_stm32f10x_cl.s

TIM3_IRQHandler 0000001A

Symbol: TIM3_IRQHandler
   Definitions
      At line 254 in file Start\startup_stm32f10x_cl.s
   Uses
      At line 76 in file Start\startup_stm32f10x_cl.s
      At line 192 in file Start\startup_stm32f10x_cl.s

TIM4_IRQHandler 0000001A

Symbol: TIM4_IRQHandler
   Definitions
      At line 255 in file Start\startup_stm32f10x_cl.s
   Uses
      At line 77 in file Start\startup_stm32f10x_cl.s
      At line 193 in file Start\startup_stm32f10x_cl.s

TIM5_IRQHandler 0000001A

Symbol: TIM5_IRQHandler
   Definitions
      At line 268 in file Start\startup_stm32f10x_cl.s
   Uses
      At line 90 in file Start\startup_stm32f10x_cl.s
      At line 206 in file Start\startup_stm32f10x_cl.s

TIM6_IRQHandler 0000001A

Symbol: TIM6_IRQHandler
   Definitions
      At line 272 in file Start\startup_stm32f10x_cl.s
   Uses
      At line 94 in file Start\startup_stm32f10x_cl.s
      At line 210 in file Start\startup_stm32f10x_cl.s

TIM7_IRQHandler 0000001A

Symbol: TIM7_IRQHandler
   Definitions
      At line 273 in file Start\startup_stm32f10x_cl.s
   Uses
      At line 95 in file Start\startup_stm32f10x_cl.s



ARM Macro Assembler    Page 11 Alphabetic symbol ordering
Relocatable symbols

      At line 211 in file Start\startup_stm32f10x_cl.s

UART4_IRQHandler 0000001A

Symbol: UART4_IRQHandler
   Definitions
      At line 270 in file Start\startup_stm32f10x_cl.s
   Uses
      At line 92 in file Start\startup_stm32f10x_cl.s
      At line 208 in file Start\startup_stm32f10x_cl.s

UART5_IRQHandler 0000001A

Symbol: UART5_IRQHandler
   Definitions
      At line 271 in file Start\startup_stm32f10x_cl.s
   Uses
      At line 93 in file Start\startup_stm32f10x_cl.s
      At line 209 in file Start\startup_stm32f10x_cl.s

USART1_IRQHandler 0000001A

Symbol: USART1_IRQHandler
   Definitions
      At line 262 in file Start\startup_stm32f10x_cl.s
   Uses
      At line 84 in file Start\startup_stm32f10x_cl.s
      At line 200 in file Start\startup_stm32f10x_cl.s

USART2_IRQHandler 0000001A

Symbol: USART2_IRQHandler
   Definitions
      At line 263 in file Start\startup_stm32f10x_cl.s
   Uses
      At line 85 in file Start\startup_stm32f10x_cl.s
      At line 201 in file Start\startup_stm32f10x_cl.s

USART3_IRQHandler 0000001A

Symbol: USART3_IRQHandler
   Definitions
      At line 264 in file Start\startup_stm32f10x_cl.s
   Uses
      At line 86 in file Start\startup_stm32f10x_cl.s
      At line 202 in file Start\startup_stm32f10x_cl.s

UsageFault_Handler 00000010

Symbol: UsageFault_Handler
   Definitions
      At line 141 in file Start\startup_stm32f10x_cl.s
   Uses
      At line 35 in file Start\startup_stm32f10x_cl.s
      At line 142 in file Start\startup_stm32f10x_cl.s

WWDG_IRQHandler 0000001A

Symbol: WWDG_IRQHandler



ARM Macro Assembler    Page 12 Alphabetic symbol ordering
Relocatable symbols

   Definitions
      At line 225 in file Start\startup_stm32f10x_cl.s
   Uses
      At line 47 in file Start\startup_stm32f10x_cl.s
      At line 163 in file Start\startup_stm32f10x_cl.s

__user_initial_stackheap 0000001C

Symbol: __user_initial_stackheap
   Definitions
      At line 300 in file Start\startup_stm32f10x_cl.s
   Uses
      At line 299 in file Start\startup_stm32f10x_cl.s
Comment: __user_initial_stackheap used once
74 symbols



ARM Macro Assembler    Page 1 Alphabetic symbol ordering
Absolute symbols

Heap_Size 00000200

Symbol: Heap_Size
   Definitions
      At line 12 in file Start\startup_stm32f10x_cl.s
   Uses
      At line 16 in file Start\startup_stm32f10x_cl.s
      At line 303 in file Start\startup_stm32f10x_cl.s

Stack_Size 00000400

Symbol: Stack_Size
   Definitions
      At line 5 in file Start\startup_stm32f10x_cl.s
   Uses
      At line 8 in file Start\startup_stm32f10x_cl.s
      At line 302 in file Start\startup_stm32f10x_cl.s

__Vectors_Size 00000134

Symbol: __Vectors_Size
   Definitions
      At line 110 in file Start\startup_stm32f10x_cl.s
   Uses
      At line 27 in file Start\startup_stm32f10x_cl.s
Comment: __Vectors_Size used once
3 symbols



ARM Macro Assembler    Page 1 Alphabetic symbol ordering
External symbols

SystemInit 00000000

Symbol: SystemInit
   Definitions
      At line 118 in file Start\startup_stm32f10x_cl.s
   Uses
      At line 119 in file Start\startup_stm32f10x_cl.s
Comment: SystemInit used once
__main 00000000

Symbol: __main
   Definitions
      At line 117 in file Start\startup_stm32f10x_cl.s
   Uses
      At line 121 in file Start\startup_stm32f10x_cl.s
Comment: __main used once
__use_two_region_memory 00000000

Symbol: __use_two_region_memory
   Definitions
      At line 298 in file Start\startup_stm32f10x_cl.s
   Uses
      None
Comment: __use_two_region_memory unused
3 symbols
426 symbols in table
